{"/Users/cameliaguerroudj/Desktop/TESTEUR_LOGICIEL_COURS/PROJET_8/TesteurLogiciel_appli_location_immobiliere_React-main/front-end/src/assets/images/arrow.png": {"path":"/Users/cameliaguerroudj/Desktop/TESTEUR_LOGICIEL_COURS/PROJET_8/TesteurLogiciel_appli_location_immobiliere_React-main/front-end/src/assets/images/arrow.png","statementMap":{},"fnMap":{},"branchMap":{},"s":{},"f":{},"b":{},"meta":{"lastBranch":0,"lastFunction":0,"lastStatement":0,"seen":{}}}
,"/Users/cameliaguerroudj/Desktop/TESTEUR_LOGICIEL_COURS/PROJET_8/TesteurLogiciel_appli_location_immobiliere_React-main/front-end/src/components/Collapse.jsx": {"path":"/Users/cameliaguerroudj/Desktop/TESTEUR_LOGICIEL_COURS/PROJET_8/TesteurLogiciel_appli_location_immobiliere_React-main/front-end/src/components/Collapse.jsx","statementMap":{"0":{"start":{"line":4,"column":6},"end":{"line":26,"column":null}},"1":{"start":{"line":5,"column":17},"end":{"line":5,"column":43}},"2":{"start":{"line":7,"column":4},"end":{"line":26,"column":null}},"3":{"start":{"line":11,"column":31},"end":{"line":11,"column":45}}},"fnMap":{"0":{"name":"(anonymous_0)","decl":{"start":{"line":4,"column":6},"end":{"line":4,"column":18}},"loc":{"start":{"line":4,"column":42},"end":{"line":26,"column":null}},"line":4},"1":{"name":"(anonymous_1)","decl":{"start":{"line":11,"column":16},"end":{"line":11,"column":31}},"loc":{"start":{"line":11,"column":31},"end":{"line":11,"column":45}},"line":11}},"branchMap":{"0":{"loc":{"start":{"line":18,"column":49},"end":{"line":18,"column":null}},"type":"cond-expr","locations":[{"start":{"line":18,"column":56},"end":{"line":18,"column":65}},{"start":{"line":18,"column":65},"end":{"line":18,"column":null}}],"line":18},"1":{"loc":{"start":{"line":22,"column":48},"end":{"line":22,"column":null}},"type":"cond-expr","locations":[{"start":{"line":22,"column":55},"end":{"line":22,"column":64}},{"start":{"line":22,"column":64},"end":{"line":22,"column":null}}],"line":22}},"s":{"0":1,"1":3,"2":3,"3":1},"f":{"0":3,"1":1},"b":{"0":[1,2],"1":[1,2]},"meta":{"lastBranch":2,"lastFunction":2,"lastStatement":4,"seen":{"s:4:6:26:Infinity":0,"f:4:6:4:18":0,"s:5:17:5:43":1,"s:7:4:26:Infinity":2,"f:11:16:11:31":1,"s:11:31:11:45":3,"b:18:56:18:65:18:65:18:Infinity":0,"b:22:55:22:64:22:64:22:Infinity":1}}}
,"/Users/cameliaguerroudj/Desktop/TESTEUR_LOGICIEL_COURS/PROJET_8/TesteurLogiciel_appli_location_immobiliere_React-main/front-end/src/components/Tags.jsx": {"path":"/Users/cameliaguerroudj/Desktop/TESTEUR_LOGICIEL_COURS/PROJET_8/TesteurLogiciel_appli_location_immobiliere_React-main/front-end/src/components/Tags.jsx","statementMap":{"0":{"start":{"line":2,"column":4},"end":{"line":9,"column":null}},"1":{"start":{"line":5,"column":16},"end":{"line":7,"column":null}}},"fnMap":{"0":{"name":"Tags","decl":{"start":{"line":1,"column":24},"end":{"line":1,"column":29}},"loc":{"start":{"line":1,"column":39},"end":{"line":9,"column":null}},"line":1},"1":{"name":"(anonymous_1)","decl":{"start":{"line":4,"column":19},"end":{"line":4,"column":24}},"loc":{"start":{"line":5,"column":16},"end":{"line":7,"column":null}},"line":5}},"branchMap":{},"s":{"0":2,"1":2},"f":{"0":2,"1":2},"b":{},"meta":{"lastBranch":0,"lastFunction":2,"lastStatement":2,"seen":{"f:1:24:1:29":0,"s:2:4:9:Infinity":0,"f:4:19:4:24":1,"s:5:16:7:Infinity":1}}}
}
